sample.interval=20000
"f" "doTryCatch" "tryCatchOne" "tryCatchList" "tryCatch" "withCallingHandlers" ".rs.callAs" "Rprof" 
"as.vector" "unique" "sort" ".check_S" "reconc_TD" 
"unique.default" "unique" "sort" ".check_S" "reconc_TD" 
"unique.default" "unique" "sort" ".check_S" "reconc_TD" 
"unique.default" "unique" "sort" ".check_S" "reconc_TD" 
"unique.default" "unique" "sort" ".check_S" "reconc_TD" 
"unique.default" "unique" "sort" ".check_S" "reconc_TD" 
"rowSums" "which" ".get_A_from_S" "reconc_TD" 
"%*%" ".check_hierarchical" ".lowest_lev" "reconc_TD" 
"fft" "fft" "convolve" "PMF.conv" "PMF.bottom_up" "<Anonymous>" "mapply" "reconc_TD" 
"fft" "fft" "convolve" "PMF.conv" "PMF.bottom_up" "<Anonymous>" "mapply" "reconc_TD" 
"fft" "fft" "convolve" "PMF.conv" "PMF.bottom_up" "<Anonymous>" "mapply" "reconc_TD" 
"which" "PMF.conv" "PMF.bottom_up" "<Anonymous>" "mapply" "reconc_TD" 
"fft" "fft" "convolve" "PMF.conv" "PMF.bottom_up" "<Anonymous>" "mapply" "reconc_TD" 
"fft" "convolve" "PMF.conv" "PMF.bottom_up" "<Anonymous>" "mapply" "reconc_TD" 
"fft" "fft" "convolve" "PMF.conv" "PMF.bottom_up" "<Anonymous>" "mapply" "reconc_TD" 
"fft" "fft" "convolve" "PMF.conv" "PMF.bottom_up" "<Anonymous>" "mapply" "reconc_TD" 
"fft" "convolve" "PMF.conv" "PMF.bottom_up" "<Anonymous>" "mapply" "reconc_TD" 
"fft" "fft" "convolve" "PMF.conv" "PMF.bottom_up" "<Anonymous>" "mapply" "reconc_TD" 
"fft" "convolve" "PMF.conv" "PMF.bottom_up" "<Anonymous>" "mapply" "reconc_TD" 
"match.arg" "convolve" "PMF.conv" "PMF.bottom_up" "<Anonymous>" "mapply" "reconc_TD" 
"fft" "fft" "convolve" "PMF.conv" "PMF.bottom_up" "<Anonymous>" "mapply" "reconc_TD" 
"min" "PMF.conv" "PMF.bottom_up" "<Anonymous>" "mapply" "reconc_TD" 
"fft" "fft" "convolve" "PMF.conv" "PMF.bottom_up" "<Anonymous>" "mapply" "reconc_TD" 
"match.arg" "convolve" "PMF.conv" "PMF.bottom_up" "<Anonymous>" "mapply" "reconc_TD" 
"min" "PMF.conv" "PMF.bottom_up" "<Anonymous>" "mapply" "reconc_TD" 
"fft" "fft" "convolve" "PMF.conv" "PMF.bottom_up" "<Anonymous>" "mapply" "reconc_TD" 
"fft" "fft" "convolve" "PMF.conv" "PMF.bottom_up" "<Anonymous>" "mapply" "reconc_TD" 
"fft" "fft" "convolve" "PMF.conv" "PMF.bottom_up" "<Anonymous>" "mapply" "reconc_TD" 
"fft" "fft" "convolve" "PMF.conv" "PMF.bottom_up" "<Anonymous>" "mapply" "reconc_TD" 
"fft" "fft" "convolve" "PMF.conv" "PMF.bottom_up" "<Anonymous>" "mapply" "reconc_TD" 
"fft" "fft" "convolve" "PMF.conv" "PMF.bottom_up" "<Anonymous>" "mapply" "reconc_TD" 
"fft" "convolve" "PMF.conv" "PMF.bottom_up" "<Anonymous>" "mapply" "reconc_TD" 
"fft" "convolve" "PMF.conv" "PMF.bottom_up" "<Anonymous>" "mapply" "reconc_TD" 
"fft" "convolve" "PMF.conv" "PMF.bottom_up" "<Anonymous>" "mapply" "reconc_TD" 
"fft" "fft" "convolve" "PMF.conv" "PMF.bottom_up" "<Anonymous>" "mapply" "reconc_TD" 
"fft" "fft" "convolve" "PMF.conv" "PMF.bottom_up" "<Anonymous>" "mapply" "reconc_TD" 
"fft" "fft" "convolve" "PMF.conv" "PMF.bottom_up" "<Anonymous>" "mapply" "reconc_TD" 
"fft" "fft" "convolve" "PMF.conv" "PMF.bottom_up" "<Anonymous>" "mapply" "reconc_TD" 
"fft" "fft" "convolve" "PMF.conv" "PMF.bottom_up" "<Anonymous>" "mapply" "reconc_TD" 
"fft" "fft" "convolve" "PMF.conv" "PMF.bottom_up" "<Anonymous>" "mapply" "reconc_TD" 
"fft" "convolve" "PMF.conv" "PMF.bottom_up" "<Anonymous>" "mapply" "reconc_TD" 
"fft" "fft" "convolve" "PMF.conv" "PMF.bottom_up" "<Anonymous>" "mapply" "reconc_TD" 
"fft" "fft" "convolve" "PMF.conv" "PMF.bottom_up" "<Anonymous>" "mapply" "reconc_TD" 
"fft" "convolve" "PMF.conv" "PMF.bottom_up" "<Anonymous>" "mapply" "reconc_TD" 
"FUN" "lapply" "PMF.bottom_up" "rev" ".TD_sampling" "reconc_TD" 
"fft" "fft" "convolve" "PMF.conv" "PMF.bottom_up" "rev" ".TD_sampling" "reconc_TD" 
"fft" "fft" "convolve" "PMF.conv" "PMF.bottom_up" "rev" ".TD_sampling" "reconc_TD" 
"fft" "convolve" "PMF.conv" "PMF.bottom_up" "rev" ".TD_sampling" "reconc_TD" 
"fft" "fft" "convolve" "PMF.conv" "PMF.bottom_up" "rev" ".TD_sampling" "reconc_TD" 
"fft" "fft" "convolve" "PMF.conv" "PMF.bottom_up" "rev" ".TD_sampling" "reconc_TD" 
"fft" "fft" "convolve" "PMF.conv" "PMF.bottom_up" "rev" ".TD_sampling" "reconc_TD" 
"fft" "convolve" "PMF.conv" "PMF.bottom_up" "rev" ".TD_sampling" "reconc_TD" 
"PMF.bottom_up" "rev" ".TD_sampling" "reconc_TD" 
"fft" "fft" "convolve" "PMF.conv" "PMF.bottom_up" "rev" ".TD_sampling" "reconc_TD" 
".cond_biv_sampling" ".TD_sampling" "reconc_TD" 
".cond_biv_sampling" ".TD_sampling" "reconc_TD" 
".cond_biv_sampling" ".TD_sampling" "reconc_TD" 
"sample.int" "sample" ".cond_biv_sampling" ".TD_sampling" "reconc_TD" 
"sample.int" "sample" ".cond_biv_sampling" ".TD_sampling" "reconc_TD" 
"stopifnot" "sample.int" "sample" ".cond_biv_sampling" ".TD_sampling" "reconc_TD" 
".cond_biv_sampling" ".TD_sampling" "reconc_TD" 
".cond_biv_sampling" ".TD_sampling" "reconc_TD" 
".cond_biv_sampling" ".TD_sampling" "reconc_TD" 
".cond_biv_sampling" ".TD_sampling" "reconc_TD" 
".cond_biv_sampling" ".TD_sampling" "reconc_TD" 
".cond_biv_sampling" ".TD_sampling" "reconc_TD" 
".cond_biv_sampling" ".TD_sampling" "reconc_TD" 
"unique.default" "unique" ".cond_biv_sampling" ".TD_sampling" "reconc_TD" 
".cond_biv_sampling" ".TD_sampling" "reconc_TD" 
".TD_sampling" "reconc_TD" 
".cond_biv_sampling" ".TD_sampling" "reconc_TD" 
".cond_biv_sampling" ".TD_sampling" "reconc_TD" 
".cond_biv_sampling" ".TD_sampling" "reconc_TD" 
"sum" "sample.int" "sample" ".cond_biv_sampling" ".TD_sampling" "reconc_TD" 
".cond_biv_sampling" ".TD_sampling" "reconc_TD" 
".cond_biv_sampling" ".TD_sampling" "reconc_TD" 
".cond_biv_sampling" ".TD_sampling" "reconc_TD" 
"sample.int" "sample" ".cond_biv_sampling" ".TD_sampling" "reconc_TD" 
".cond_biv_sampling" ".TD_sampling" "reconc_TD" 
".cond_biv_sampling" ".TD_sampling" "reconc_TD" 
"unique.default" "unique" ".cond_biv_sampling" ".TD_sampling" "reconc_TD" 
".cond_biv_sampling" ".TD_sampling" "reconc_TD" 
".cond_biv_sampling" ".TD_sampling" "reconc_TD" 
".cond_biv_sampling" ".TD_sampling" "reconc_TD" 
"sample.int" "sample" ".cond_biv_sampling" ".TD_sampling" "reconc_TD" 
".cond_biv_sampling" ".TD_sampling" "reconc_TD" 
".cond_biv_sampling" ".TD_sampling" "reconc_TD" 
".cond_biv_sampling" ".TD_sampling" "reconc_TD" 
".cond_biv_sampling" ".TD_sampling" "reconc_TD" 
".cond_biv_sampling" ".TD_sampling" "reconc_TD" 
".cond_biv_sampling" ".TD_sampling" "reconc_TD" 
".cond_biv_sampling" ".TD_sampling" "reconc_TD" 
".TD_sampling" "reconc_TD" 
"sample" ".cond_biv_sampling" ".TD_sampling" "reconc_TD" 
".cond_biv_sampling" ".TD_sampling" "reconc_TD" 
".cond_biv_sampling" ".TD_sampling" "reconc_TD" 
"sample.int" "sample" ".cond_biv_sampling" ".TD_sampling" "reconc_TD" 
".cond_biv_sampling" ".TD_sampling" "reconc_TD" 
"sample.int" "sample" ".cond_biv_sampling" ".TD_sampling" "reconc_TD" 
".cond_biv_sampling" ".TD_sampling" "reconc_TD" 
"sum" "sample.int" "sample" ".cond_biv_sampling" ".TD_sampling" "reconc_TD" 
"sample.int" "sample" ".cond_biv_sampling" ".TD_sampling" "reconc_TD" 
"sample.int" "sample" ".cond_biv_sampling" ".TD_sampling" "reconc_TD" 
".cond_biv_sampling" ".TD_sampling" "reconc_TD" 
".cond_biv_sampling" ".TD_sampling" "reconc_TD" 
"unique.default" "unique" ".cond_biv_sampling" ".TD_sampling" "reconc_TD" 
".TD_sampling" "reconc_TD" 
".cond_biv_sampling" ".TD_sampling" "reconc_TD" 
"sum" "sample.int" "sample" ".cond_biv_sampling" ".TD_sampling" "reconc_TD" 
".cond_biv_sampling" ".TD_sampling" "reconc_TD" 
"which" "PMF.conv" "PMF.bottom_up" "rev" ".TD_sampling" "reconc_TD" 
"sample.int" "sample" ".cond_biv_sampling" ".TD_sampling" "reconc_TD" 
".cond_biv_sampling" ".TD_sampling" "reconc_TD" 
".cond_biv_sampling" ".TD_sampling" "reconc_TD" 
"sample.int" "sample" ".cond_biv_sampling" ".TD_sampling" "reconc_TD" 
".cond_biv_sampling" ".TD_sampling" "reconc_TD" 
".cond_biv_sampling" ".TD_sampling" "reconc_TD" 
".TD_sampling" "reconc_TD" 
".cond_biv_sampling" ".TD_sampling" "reconc_TD" 
".cond_biv_sampling" ".TD_sampling" "reconc_TD" 
".cond_biv_sampling" ".TD_sampling" "reconc_TD" 
".cond_biv_sampling" ".TD_sampling" "reconc_TD" 
"unique.default" "unique" ".cond_biv_sampling" ".TD_sampling" "reconc_TD" 
".cond_biv_sampling" ".TD_sampling" "reconc_TD" 
"unique.default" "unique" ".cond_biv_sampling" ".TD_sampling" "reconc_TD" 
".cond_biv_sampling" ".TD_sampling" "reconc_TD" 
".cond_biv_sampling" ".TD_sampling" "reconc_TD" 
"sample.int" "sample" ".cond_biv_sampling" ".TD_sampling" "reconc_TD" 
"sample.int" "sample" ".cond_biv_sampling" ".TD_sampling" "reconc_TD" 
".cond_biv_sampling" ".TD_sampling" "reconc_TD" 
".cond_biv_sampling" ".TD_sampling" "reconc_TD" 
"sum" "sample.int" "sample" ".cond_biv_sampling" ".TD_sampling" "reconc_TD" 
".cond_biv_sampling" ".TD_sampling" "reconc_TD" 
".cond_biv_sampling" ".TD_sampling" "reconc_TD" 
".cond_biv_sampling" ".TD_sampling" "reconc_TD" 
".cond_biv_sampling" ".TD_sampling" "reconc_TD" 
".cond_biv_sampling" ".TD_sampling" "reconc_TD" 
"unique.default" "unique" ".cond_biv_sampling" ".TD_sampling" "reconc_TD" 
".cond_biv_sampling" ".TD_sampling" "reconc_TD" 
".cond_biv_sampling" ".TD_sampling" "reconc_TD" 
".cond_biv_sampling" ".TD_sampling" "reconc_TD" 
".cond_biv_sampling" ".TD_sampling" "reconc_TD" 
".cond_biv_sampling" ".TD_sampling" "reconc_TD" 
".cond_biv_sampling" ".TD_sampling" "reconc_TD" 
".cond_biv_sampling" ".TD_sampling" "reconc_TD" 
".TD_sampling" "reconc_TD" 
".cond_biv_sampling" ".TD_sampling" "reconc_TD" 
".TD_sampling" "reconc_TD" 
".cond_biv_sampling" ".TD_sampling" "reconc_TD" 
".cond_biv_sampling" ".TD_sampling" "reconc_TD" 
".cond_biv_sampling" ".TD_sampling" "reconc_TD" 
".cond_biv_sampling" ".TD_sampling" "reconc_TD" 
".TD_sampling" "reconc_TD" 
"unique.default" "unique" ".cond_biv_sampling" ".TD_sampling" "reconc_TD" 
"fft" "fft" "convolve" "PMF.conv" "PMF.bottom_up" "rev" ".TD_sampling" "reconc_TD" 
".cond_biv_sampling" ".TD_sampling" "reconc_TD" 
".cond_biv_sampling" ".TD_sampling" "reconc_TD" 
".cond_biv_sampling" ".TD_sampling" "reconc_TD" 
"sum" "sample.int" "sample" ".cond_biv_sampling" ".TD_sampling" "reconc_TD" 
".cond_biv_sampling" ".TD_sampling" "reconc_TD" 
".TD_sampling" "reconc_TD" 
"sample.int" "sample" ".cond_biv_sampling" ".TD_sampling" "reconc_TD" 
".cond_biv_sampling" ".TD_sampling" "reconc_TD" 
".cond_biv_sampling" ".TD_sampling" "reconc_TD" 
"unique.default" "unique" ".cond_biv_sampling" ".TD_sampling" "reconc_TD" 
"stopifnot" "sample.int" "sample" ".cond_biv_sampling" ".TD_sampling" "reconc_TD" 
".cond_biv_sampling" ".TD_sampling" "reconc_TD" 
"sample.int" "sample" ".cond_biv_sampling" ".TD_sampling" "reconc_TD" 
".cond_biv_sampling" ".TD_sampling" "reconc_TD" 
".TD_sampling" "reconc_TD" 
"sum" "sample.int" "sample" ".cond_biv_sampling" ".TD_sampling" "reconc_TD" 
".cond_biv_sampling" ".TD_sampling" "reconc_TD" 
"unique.default" "unique" ".cond_biv_sampling" ".TD_sampling" "reconc_TD" 
".TD_sampling" "reconc_TD" 
"sample.int" "sample" ".cond_biv_sampling" ".TD_sampling" "reconc_TD" 
".cond_biv_sampling" ".TD_sampling" "reconc_TD" 
"fft" "convolve" "PMF.conv" "PMF.bottom_up" "rev" ".TD_sampling" "reconc_TD" 
".cond_biv_sampling" ".TD_sampling" "reconc_TD" 
".cond_biv_sampling" ".TD_sampling" "reconc_TD" 
".cond_biv_sampling" ".TD_sampling" "reconc_TD" 
".cond_biv_sampling" ".TD_sampling" "reconc_TD" 
".cond_biv_sampling" ".TD_sampling" "reconc_TD" 
"stopifnot" "sample.int" "sample" ".cond_biv_sampling" ".TD_sampling" "reconc_TD" 
"sample.int" "sample" ".cond_biv_sampling" ".TD_sampling" "reconc_TD" 
"sample.int" "sample" ".cond_biv_sampling" ".TD_sampling" "reconc_TD" 
".cond_biv_sampling" ".TD_sampling" "reconc_TD" 
".cond_biv_sampling" ".TD_sampling" "reconc_TD" 
"sample.int" "sample" ".cond_biv_sampling" ".TD_sampling" "reconc_TD" 
".cond_biv_sampling" ".TD_sampling" "reconc_TD" 
".cond_biv_sampling" ".TD_sampling" "reconc_TD" 
".cond_biv_sampling" ".TD_sampling" "reconc_TD" 
".cond_biv_sampling" ".TD_sampling" "reconc_TD" 
"stopifnot" "sample.int" "sample" ".cond_biv_sampling" ".TD_sampling" "reconc_TD" 
".cond_biv_sampling" ".TD_sampling" "reconc_TD" 
".cond_biv_sampling" ".TD_sampling" "reconc_TD" 
"match.arg" "convolve" "PMF.conv" "PMF.bottom_up" "rev" ".TD_sampling" "reconc_TD" 
"sample.int" "sample" ".cond_biv_sampling" ".TD_sampling" "reconc_TD" 
"sample.int" "sample" ".cond_biv_sampling" ".TD_sampling" "reconc_TD" 
".cond_biv_sampling" ".TD_sampling" "reconc_TD" 
".cond_biv_sampling" ".TD_sampling" "reconc_TD" 
"sample.int" "sample" ".cond_biv_sampling" ".TD_sampling" "reconc_TD" 
".TD_sampling" "reconc_TD" 
"sample.int" "sample" ".cond_biv_sampling" ".TD_sampling" "reconc_TD" 
".cond_biv_sampling" ".TD_sampling" "reconc_TD" 
"sample.int" "sample" ".cond_biv_sampling" ".TD_sampling" "reconc_TD" 
"stopifnot" "sample.int" "sample" ".cond_biv_sampling" ".TD_sampling" "reconc_TD" 
"sample.int" "sample" ".cond_biv_sampling" ".TD_sampling" "reconc_TD" 
"stopifnot" "sample.int" "sample" ".cond_biv_sampling" ".TD_sampling" "reconc_TD" 
"sample.int" "sample" ".cond_biv_sampling" ".TD_sampling" "reconc_TD" 
".cond_biv_sampling" ".TD_sampling" "reconc_TD" 
"sample.int" "sample" ".cond_biv_sampling" ".TD_sampling" "reconc_TD" 
"sum" "sample.int" "sample" ".cond_biv_sampling" ".TD_sampling" "reconc_TD" 
".cond_biv_sampling" ".TD_sampling" "reconc_TD" 
".cond_biv_sampling" ".TD_sampling" "reconc_TD" 
".cond_biv_sampling" ".TD_sampling" "reconc_TD" 
".cond_biv_sampling" ".TD_sampling" "reconc_TD" 
"sample.int" "sample" ".cond_biv_sampling" ".TD_sampling" "reconc_TD" 
"unique.default" "unique" ".cond_biv_sampling" ".TD_sampling" "reconc_TD" 
".TD_sampling" "reconc_TD" 
".cond_biv_sampling" ".TD_sampling" "reconc_TD" 
".cond_biv_sampling" ".TD_sampling" "reconc_TD" 
".cond_biv_sampling" ".TD_sampling" "reconc_TD" 
".TD_sampling" "reconc_TD" 
".cond_biv_sampling" ".TD_sampling" "reconc_TD" 
"sample.int" "sample" ".cond_biv_sampling" ".TD_sampling" "reconc_TD" 
".cond_biv_sampling" ".TD_sampling" "reconc_TD" 
".cond_biv_sampling" ".TD_sampling" "reconc_TD" 
".cond_biv_sampling" ".TD_sampling" "reconc_TD" 
".cond_biv_sampling" ".TD_sampling" "reconc_TD" 
"fft" "fft" "convolve" "PMF.conv" "PMF.bottom_up" "rev" ".TD_sampling" "reconc_TD" 
"fft" "fft" "convolve" "PMF.conv" "PMF.bottom_up" "rev" ".TD_sampling" "reconc_TD" 
"fft" "fft" "convolve" "PMF.conv" "PMF.bottom_up" "rev" ".TD_sampling" "reconc_TD" 
"fft" "fft" "convolve" "PMF.conv" "PMF.bottom_up" "rev" ".TD_sampling" "reconc_TD" 
"fft" "convolve" "PMF.conv" "PMF.bottom_up" "rev" ".TD_sampling" "reconc_TD" 
"fft" "convolve" "PMF.conv" "PMF.bottom_up" "rev" ".TD_sampling" "reconc_TD" 
"fft" "convolve" "PMF.conv" "PMF.bottom_up" "rev" ".TD_sampling" "reconc_TD" 
"fft" "convolve" "PMF.conv" "PMF.bottom_up" "rev" ".TD_sampling" "reconc_TD" 
"which" "PMF.conv" "PMF.bottom_up" "rev" ".TD_sampling" "reconc_TD" 
"fft" "fft" "convolve" "PMF.conv" "PMF.bottom_up" "rev" ".TD_sampling" "reconc_TD" 
"fft" "fft" "convolve" "PMF.conv" "PMF.bottom_up" "rev" ".TD_sampling" "reconc_TD" 
"fft" "fft" "convolve" "PMF.conv" "PMF.bottom_up" "rev" ".TD_sampling" "reconc_TD" 
"fft" "convolve" "PMF.conv" "PMF.bottom_up" "rev" ".TD_sampling" "reconc_TD" 
"fft" "fft" "convolve" "PMF.conv" "PMF.bottom_up" "rev" ".TD_sampling" "reconc_TD" 
"fft" "fft" "convolve" "PMF.conv" "PMF.bottom_up" "rev" ".TD_sampling" "reconc_TD" 
"fft" "fft" "convolve" "PMF.conv" "PMF.bottom_up" "rev" ".TD_sampling" "reconc_TD" 
"sample.int" "sample" ".cond_biv_sampling" ".TD_sampling" "reconc_TD" 
".cond_biv_sampling" ".TD_sampling" "reconc_TD" 
"sample.int" "sample" ".cond_biv_sampling" ".TD_sampling" "reconc_TD" 
"sample.int" "sample" ".cond_biv_sampling" ".TD_sampling" "reconc_TD" 
".cond_biv_sampling" ".TD_sampling" "reconc_TD" 
".cond_biv_sampling" ".TD_sampling" "reconc_TD" 
"sum" "sample.int" "sample" ".cond_biv_sampling" ".TD_sampling" "reconc_TD" 
".cond_biv_sampling" ".TD_sampling" "reconc_TD" 
"sample" ".cond_biv_sampling" ".TD_sampling" "reconc_TD" 
"sample.int" "sample" ".cond_biv_sampling" ".TD_sampling" "reconc_TD" 
"sample.int" "sample" ".cond_biv_sampling" ".TD_sampling" "reconc_TD" 
"matrix" ".TD_sampling" "reconc_TD" 
"sample.int" "sample" ".cond_biv_sampling" ".TD_sampling" "reconc_TD" 
"sum" "sample.int" "sample" ".cond_biv_sampling" ".TD_sampling" "reconc_TD" 
"sample.int" "sample" ".cond_biv_sampling" ".TD_sampling" "reconc_TD" 
"sample.int" "sample" ".cond_biv_sampling" ".TD_sampling" "reconc_TD" 
"sum" ".cond_biv_sampling" ".TD_sampling" "reconc_TD" 
"unique.default" "unique" ".cond_biv_sampling" ".TD_sampling" "reconc_TD" 
"sample.int" "sample" ".cond_biv_sampling" ".TD_sampling" "reconc_TD" 
".cond_biv_sampling" ".TD_sampling" "reconc_TD" 
".cond_biv_sampling" ".TD_sampling" "reconc_TD" 
"sum" "sample.int" "sample" ".cond_biv_sampling" ".TD_sampling" "reconc_TD" 
"sample.int" "sample" ".cond_biv_sampling" ".TD_sampling" "reconc_TD" 
".cond_biv_sampling" ".TD_sampling" "reconc_TD" 
".cond_biv_sampling" ".TD_sampling" "reconc_TD" 
".cond_biv_sampling" ".TD_sampling" "reconc_TD" 
"sample.int" "sample" ".cond_biv_sampling" ".TD_sampling" "reconc_TD" 
".cond_biv_sampling" ".TD_sampling" "reconc_TD" 
"sample.int" "sample" ".cond_biv_sampling" ".TD_sampling" "reconc_TD" 
"sample.int" "sample" ".cond_biv_sampling" ".TD_sampling" "reconc_TD" 
".cond_biv_sampling" ".TD_sampling" "reconc_TD" 
".cond_biv_sampling" ".TD_sampling" "reconc_TD" 
".cond_biv_sampling" ".TD_sampling" "reconc_TD" 
".cond_biv_sampling" ".TD_sampling" "reconc_TD" 
"sum" "sample.int" "sample" ".cond_biv_sampling" ".TD_sampling" "reconc_TD" 
"sample.int" "sample" ".cond_biv_sampling" ".TD_sampling" "reconc_TD" 
".cond_biv_sampling" ".TD_sampling" "reconc_TD" 
"unique.default" "unique" ".cond_biv_sampling" ".TD_sampling" "reconc_TD" 
".cond_biv_sampling" ".TD_sampling" "reconc_TD" 
".cond_biv_sampling" ".TD_sampling" "reconc_TD" 
".cond_biv_sampling" ".TD_sampling" "reconc_TD" 
"sample.int" "sample" ".cond_biv_sampling" ".TD_sampling" "reconc_TD" 
".cond_biv_sampling" ".TD_sampling" "reconc_TD" 
".cond_biv_sampling" ".TD_sampling" "reconc_TD" 
".cond_biv_sampling" ".TD_sampling" "reconc_TD" 
"stopifnot" "sample.int" "sample" ".cond_biv_sampling" ".TD_sampling" "reconc_TD" 
".cond_biv_sampling" ".TD_sampling" "reconc_TD" 
".cond_biv_sampling" ".TD_sampling" "reconc_TD" 
"unique.default" "unique" ".cond_biv_sampling" ".TD_sampling" "reconc_TD" 
".cond_biv_sampling" ".TD_sampling" "reconc_TD" 
".cond_biv_sampling" ".TD_sampling" "reconc_TD" 
".cond_biv_sampling" ".TD_sampling" "reconc_TD" 
".cond_biv_sampling" ".TD_sampling" "reconc_TD" 
".cond_biv_sampling" ".TD_sampling" "reconc_TD" 
".cond_biv_sampling" ".TD_sampling" "reconc_TD" 
".cond_biv_sampling" ".TD_sampling" "reconc_TD" 
".cond_biv_sampling" ".TD_sampling" "reconc_TD" 
".cond_biv_sampling" ".TD_sampling" "reconc_TD" 
"unique.default" "unique" ".cond_biv_sampling" ".TD_sampling" "reconc_TD" 
".cond_biv_sampling" ".TD_sampling" "reconc_TD" 
".cond_biv_sampling" ".TD_sampling" "reconc_TD" 
"stopifnot" "sample.int" "sample" ".cond_biv_sampling" ".TD_sampling" "reconc_TD" 
".cond_biv_sampling" ".TD_sampling" "reconc_TD" 
"...elt" "stopifnot" "sample.int" "sample" ".cond_biv_sampling" ".TD_sampling" "reconc_TD" 
".cond_biv_sampling" ".TD_sampling" "reconc_TD" 
".cond_biv_sampling" ".TD_sampling" "reconc_TD" 
".cond_biv_sampling" ".TD_sampling" "reconc_TD" 
".cond_biv_sampling" ".TD_sampling" "reconc_TD" 
"sum" "sample.int" "sample" ".cond_biv_sampling" ".TD_sampling" "reconc_TD" 
"sample.int" "sample" ".cond_biv_sampling" ".TD_sampling" "reconc_TD" 
".TD_sampling" "reconc_TD" 
".cond_biv_sampling" ".TD_sampling" "reconc_TD" 
".cond_biv_sampling" ".TD_sampling" "reconc_TD" 
".cond_biv_sampling" ".TD_sampling" "reconc_TD" 
".cond_biv_sampling" ".TD_sampling" "reconc_TD" 
"sample.int" "sample" ".cond_biv_sampling" ".TD_sampling" "reconc_TD" 
".cond_biv_sampling" ".TD_sampling" "reconc_TD" 
".cond_biv_sampling" ".TD_sampling" "reconc_TD" 
".cond_biv_sampling" ".TD_sampling" "reconc_TD" 
".cond_biv_sampling" ".TD_sampling" "reconc_TD" 
".cond_biv_sampling" ".TD_sampling" "reconc_TD" 
".cond_biv_sampling" ".TD_sampling" "reconc_TD" 
".cond_biv_sampling" ".TD_sampling" "reconc_TD" 
".cond_biv_sampling" ".TD_sampling" "reconc_TD" 
".cond_biv_sampling" ".TD_sampling" "reconc_TD" 
".cond_biv_sampling" ".TD_sampling" "reconc_TD" 
"sample.int" "sample" ".cond_biv_sampling" ".TD_sampling" "reconc_TD" 
".TD_sampling" "reconc_TD" 
".cond_biv_sampling" ".TD_sampling" "reconc_TD" 
".cond_biv_sampling" ".TD_sampling" "reconc_TD" 
".TD_sampling" "reconc_TD" 
".cond_biv_sampling" ".TD_sampling" "reconc_TD" 
".cond_biv_sampling" ".TD_sampling" "reconc_TD" 
".cond_biv_sampling" ".TD_sampling" "reconc_TD" 
".cond_biv_sampling" ".TD_sampling" "reconc_TD" 
"sample.int" "sample" ".cond_biv_sampling" ".TD_sampling" "reconc_TD" 
".cond_biv_sampling" ".TD_sampling" "reconc_TD" 
".cond_biv_sampling" ".TD_sampling" "reconc_TD" 
".cond_biv_sampling" ".TD_sampling" "reconc_TD" 
".cond_biv_sampling" ".TD_sampling" "reconc_TD" 
".cond_biv_sampling" ".TD_sampling" "reconc_TD" 
"stopifnot" "sample.int" "sample" ".cond_biv_sampling" ".TD_sampling" "reconc_TD" 
"sample.int" "sample" ".cond_biv_sampling" ".TD_sampling" "reconc_TD" 
"sample.int" "sample" ".cond_biv_sampling" ".TD_sampling" "reconc_TD" 
"stopifnot" "sample.int" "sample" ".cond_biv_sampling" ".TD_sampling" "reconc_TD" 
".cond_biv_sampling" ".TD_sampling" "reconc_TD" 
"sample" ".cond_biv_sampling" ".TD_sampling" "reconc_TD" 
"sample.int" "sample" ".cond_biv_sampling" ".TD_sampling" "reconc_TD" 
".cond_biv_sampling" ".TD_sampling" "reconc_TD" 
".cond_biv_sampling" ".TD_sampling" "reconc_TD" 
"...elt" "stopifnot" "sample.int" "sample" ".cond_biv_sampling" ".TD_sampling" "reconc_TD" 
".cond_biv_sampling" ".TD_sampling" "reconc_TD" 
"...elt" "stopifnot" "sample.int" "sample" ".cond_biv_sampling" ".TD_sampling" "reconc_TD" 
"unique.default" "unique" ".cond_biv_sampling" ".TD_sampling" "reconc_TD" 
".cond_biv_sampling" ".TD_sampling" "reconc_TD" 
".cond_biv_sampling" ".TD_sampling" "reconc_TD" 
".cond_biv_sampling" ".TD_sampling" "reconc_TD" 
"stopifnot" "sample.int" "sample" ".cond_biv_sampling" ".TD_sampling" "reconc_TD" 
"sum" "sample.int" "sample" ".cond_biv_sampling" ".TD_sampling" "reconc_TD" 
".cond_biv_sampling" ".TD_sampling" "reconc_TD" 
"sample.int" "sample" ".cond_biv_sampling" ".TD_sampling" "reconc_TD" 
"rbind" "do.call" "reconc_TD" 
"rbind" "do.call" "reconc_TD" 
"rbind" "do.call" "reconc_TD" 
"rbind" "do.call" "reconc_TD" 
"rbind" "do.call" "reconc_TD" 
"rbind" "do.call" "reconc_TD" 
"rbind" "do.call" "reconc_TD" 
"rbind" "do.call" "reconc_TD" 
"rbind" "do.call" "reconc_TD" 
"%*%" "reconc_TD" 
"%*%" "reconc_TD" 
"%*%" "reconc_TD" 
"%*%" "reconc_TD" 
"%*%" "reconc_TD" 
"%*%" "reconc_TD" 
"tabulate" "PMF.from_samples" "FUN" "lapply" "reconc_TD" 
"tabulate" "PMF.from_samples" "FUN" "lapply" "reconc_TD" 
"tabulate" "PMF.from_samples" "FUN" "lapply" "reconc_TD" 
"tabulate" "PMF.from_samples" "FUN" "lapply" "reconc_TD" 
"tabulate" "PMF.from_samples" "FUN" "lapply" "reconc_TD" 
"tabulate" "PMF.from_samples" "FUN" "lapply" "reconc_TD" 
"tabulate" "PMF.from_samples" "FUN" "lapply" "reconc_TD" 
"tabulate" "PMF.from_samples" "FUN" "lapply" "reconc_TD" 
"tabulate" "PMF.from_samples" "FUN" "lapply" "reconc_TD" 
"tabulate" "PMF.from_samples" "FUN" "lapply" "reconc_TD" 
"as.integer" "tabulate" "PMF.from_samples" "FUN" "lapply" "reconc_TD" 
"tabulate" "PMF.from_samples" "FUN" "lapply" "reconc_TD" 
"tabulate" "PMF.from_samples" "FUN" "lapply" "reconc_TD" 
"tabulate" "PMF.from_samples" "FUN" "lapply" "reconc_TD" 
"tabulate" "PMF.from_samples" "FUN" "lapply" "reconc_TD" 
"as.integer" "tabulate" "PMF.from_samples" "FUN" "lapply" "reconc_TD" 
"as.integer" "tabulate" "PMF.from_samples" "FUN" "lapply" "reconc_TD" 
"as.integer" "tabulate" "PMF.from_samples" "FUN" "lapply" "reconc_TD" 
"tabulate" "PMF.from_samples" "FUN" "lapply" "reconc_TD" 
"max" "tabulate" "PMF.from_samples" "FUN" "lapply" "reconc_TD" 
"tabulate" "PMF.from_samples" "FUN" "lapply" "reconc_TD" 
